# JRE version: OpenJDK Runtime Environment Microsoft-11369940 (21.0.7+6) (build 21.0.7+6-LTS)
# Java VM: OpenJDK 64-Bit Server VM Microsoft-11369940 (21.0.7+6-LTS, mixed mode, sharing, tiered, compressed oops, compressed class ptrs, g1 gc, windows-amd64)
GC Precious Log:
 CardTable entry size: 512
 Card Set container configuration: InlinePtr #cards 4 size 8 Array Of Cards #cards 16 size 48 Howl #buckets 8 coarsen threshold 3686 Howl Bitmap #cards 512 size 80 coarsen threshold 460 Card regions per heap region 1 cards per card region 4096
 CPUs: 8 total, 8 available
 Memory: 16108M
 Large Page Support: Disabled
 NUMA Support: Disabled
 Compressed Oops: Enabled (Zero based)
 Heap Region Size: 2M
 Heap Min Capacity: 8M
 Heap Initial Capacity: 252M
 Heap Max Capacity: 4028M
 Pre-touch: Disabled
 Parallel Workers: 8
 Concurrent Workers: 2
 Concurrent Refinement Workers: 8
 Periodic GC: Disabled
Heap:
 garbage-first heap   total 159744K, used 80702K [0x0000000704400000, 0x0000000800000000)
  region size 2048K, 32 young (65536K), 2 survivors (4096K)
 Metaspace       used 49615K, committed 50176K, reserved 1114112K
  class space    used 6413K, committed 6656K, reserved 1048576K
GC Heap History (16 events):
Event: 0.521 GC heap before
{Heap before GC invocations=0 (full 0):
 garbage-first heap   total 258048K, used 20480K [0x0000000704400000, 0x0000000800000000)
  region size 2048K, 11 young (22528K), 0 survivors (0K)
 Metaspace       used 4905K, committed 5056K, reserved 1114112K
  class space    used 535K, committed 576K, reserved 1048576K
}
Event: 0.525 GC heap after
{Heap after GC invocations=1 (full 0):
 garbage-first heap   total 258048K, used 7596K [0x0000000704400000, 0x0000000800000000)
  region size 2048K, 2 young (4096K), 2 survivors (4096K)
 Metaspace       used 4905K, committed 5056K, reserved 1114112K
  class space    used 535K, committed 576K, reserved 1048576K
}
Event: 1.053 GC heap before
{Heap before GC invocations=1 (full 0):
 garbage-first heap   total 258048K, used 30124K [0x0000000704400000, 0x0000000800000000)
  region size 2048K, 14 young (28672K), 2 survivors (4096K)
 Metaspace       used 12227K, committed 12480K, reserved 1114112K
  class space    used 1546K, committed 1664K, reserved 1048576K
}
Event: 1.058 GC heap after
{Heap after GC invocations=2 (full 0):
 garbage-first heap   total 258048K, used 10324K [0x0000000704400000, 0x0000000800000000)
  region size 2048K, 2 young (4096K), 2 survivors (4096K)
 Metaspace       used 12227K, committed 12480K, reserved 1114112K
  class space    used 1546K, committed 1664K, reserved 1048576K
}
Event: 1.469 GC heap before
{Heap before GC invocations=2 (full 0):
 garbage-first heap   total 258048K, used 47188K [0x0000000704400000, 0x0000000800000000)
  region size 2048K, 22 young (45056K), 2 survivors (4096K)
 Metaspace       used 21233K, committed 21504K, reserved 1114112K
  class space    used 2674K, committed 2816K, reserved 1048576K
}
Event: 1.473 GC heap after
{Heap after GC invocations=3 (full 0):
 garbage-first heap   total 258048K, used 12968K [0x0000000704400000, 0x0000000800000000)
  region size 2048K, 3 young (6144K), 3 survivors (6144K)
 Metaspace       used 21233K, committed 21504K, reserved 1114112K
  class space    used 2674K, committed 2816K, reserved 1048576K
}
Event: 1.935 GC heap before
{Heap before GC invocations=4 (full 0):
 garbage-first heap   total 49152K, used 45736K [0x0000000704400000, 0x0000000800000000)
  region size 2048K, 20 young (40960K), 3 survivors (6144K)
 Metaspace       used 25758K, committed 26176K, reserved 1114112K
  class space    used 3247K, committed 3456K, reserved 1048576K
}
Event: 1.942 GC heap after
{Heap after GC invocations=5 (full 0):
 garbage-first heap   total 59392K, used 16663K [0x0000000704400000, 0x0000000800000000)
  region size 2048K, 5 young (10240K), 5 survivors (10240K)
 Metaspace       used 25758K, committed 26176K, reserved 1114112K
  class space    used 3247K, committed 3456K, reserved 1048576K
}
Event: 2.301 GC heap before
{Heap before GC invocations=5 (full 0):
 garbage-first heap   total 59392K, used 41239K [0x0000000704400000, 0x0000000800000000)
  region size 2048K, 17 young (34816K), 5 survivors (10240K)
 Metaspace       used 27950K, committed 28352K, reserved 1114112K
  class space    used 3528K, committed 3712K, reserved 1048576K
}
Event: 2.306 GC heap after
{Heap after GC invocations=6 (full 0):
 garbage-first heap   total 59392K, used 18275K [0x0000000704400000, 0x0000000800000000)
  region size 2048K, 2 young (4096K), 2 survivors (4096K)
 Metaspace       used 27950K, committed 28352K, reserved 1114112K
  class space    used 3528K, committed 3712K, reserved 1048576K
}
Event: 2.839 GC heap before
{Heap before GC invocations=6 (full 0):
 garbage-first heap   total 59392K, used 44899K [0x0000000704400000, 0x0000000800000000)
  region size 2048K, 15 young (30720K), 2 survivors (4096K)
 Metaspace       used 30660K, committed 31040K, reserved 1114112K
  class space    used 3892K, committed 4096K, reserved 1048576K
}
Event: 2.842 GC heap after
{Heap after GC invocations=7 (full 0):
 garbage-first heap   total 59392K, used 19644K [0x0000000704400000, 0x0000000800000000)
  region size 2048K, 2 young (4096K), 2 survivors (4096K)
 Metaspace       used 30660K, committed 31040K, reserved 1114112K
  class space    used 3892K, committed 4096K, reserved 1048576K
}
Event: 3.376 GC heap before
{Heap before GC invocations=7 (full 0):
 garbage-first heap   total 59392K, used 40124K [0x0000000704400000, 0x0000000800000000)
  region size 2048K, 13 young (26624K), 2 survivors (4096K)
 Metaspace       used 35517K, committed 35968K, reserved 1114112K
  class space    used 4504K, committed 4736K, reserved 1048576K
}
Event: 3.380 GC heap after
{Heap after GC invocations=8 (full 0):
 garbage-first heap   total 59392K, used 21439K [0x0000000704400000, 0x0000000800000000)
  region size 2048K, 2 young (4096K), 2 survivors (4096K)
 Metaspace       used 35517K, committed 35968K, reserved 1114112K
  class space    used 4504K, committed 4736K, reserved 1048576K
}
Event: 3.859 GC heap before
{Heap before GC invocations=9 (full 0):
 garbage-first heap   total 59392K, used 48063K [0x0000000704400000, 0x0000000800000000)
  region size 2048K, 15 young (30720K), 2 survivors (4096K)
 Metaspace       used 38755K, committed 39296K, reserved 1114112K
  class space    used 4929K, committed 5184K, reserved 1048576K
}
Event: 3.863 GC heap after
{Heap after GC invocations=10 (full 0):
 garbage-first heap   total 159744K, used 23358K [0x0000000704400000, 0x0000000800000000)
  region size 2048K, 2 young (4096K), 2 survivors (4096K)
 Metaspace       used 38755K, committed 39296K, reserved 1114112K
  class space    used 4929K, committed 5184K, reserved 1048576K
}

