# JRE version: OpenJDK Runtime Environment Microsoft-11369940 (21.0.7+6) (build 21.0.7+6-LTS)
# Java VM: OpenJDK 64-Bit Server VM Microsoft-11369940 (21.0.7+6-LTS, mixed mode, sharing, tiered, compressed oops, compressed class ptrs, g1 gc, windows-amd64)
GC Precious Log:
 CardTable entry size: 512
 Card Set container configuration: InlinePtr #cards 4 size 8 Array Of Cards #cards 16 size 48 Howl #buckets 8 coarsen threshold 3686 Howl Bitmap #cards 512 size 80 coarsen threshold 460 Card regions per heap region 1 cards per card region 4096
 CPUs: 8 total, 8 available
 Memory: 16108M
 Large Page Support: Disabled
 NUMA Support: Disabled
 Compressed Oops: Enabled (Zero based)
 Heap Region Size: 2M
 Heap Min Capacity: 8M
 Heap Initial Capacity: 252M
 Heap Max Capacity: 4028M
 Pre-touch: Disabled
 Parallel Workers: 8
 Concurrent Workers: 2
 Concurrent Refinement Workers: 8
 Periodic GC: Disabled
Heap:
 garbage-first heap   total 159744K, used 80932K [0x0000000704400000, 0x0000000800000000)
  region size 2048K, 31 young (63488K), 2 survivors (4096K)
 Metaspace       used 49619K, committed 50240K, reserved 1114112K
  class space    used 6413K, committed 6656K, reserved 1048576K
GC Heap History (18 events):
Event: 0.533 GC heap before
{Heap before GC invocations=0 (full 0):
 garbage-first heap   total 258048K, used 20480K [0x0000000704400000, 0x0000000800000000)
  region size 2048K, 11 young (22528K), 0 survivors (0K)
 Metaspace       used 4900K, committed 5056K, reserved 1114112K
  class space    used 535K, committed 576K, reserved 1048576K
}
Event: 0.536 GC heap after
{Heap after GC invocations=1 (full 0):
 garbage-first heap   total 258048K, used 7330K [0x0000000704400000, 0x0000000800000000)
  region size 2048K, 2 young (4096K), 2 survivors (4096K)
 Metaspace       used 4900K, committed 5056K, reserved 1114112K
  class space    used 535K, committed 576K, reserved 1048576K
}
Event: 1.118 GC heap before
{Heap before GC invocations=1 (full 0):
 garbage-first heap   total 258048K, used 29858K [0x0000000704400000, 0x0000000800000000)
  region size 2048K, 14 young (28672K), 2 survivors (4096K)
 Metaspace       used 12219K, committed 12544K, reserved 1114112K
  class space    used 1543K, committed 1664K, reserved 1048576K
}
Event: 1.121 GC heap after
{Heap after GC invocations=2 (full 0):
 garbage-first heap   total 258048K, used 10288K [0x0000000704400000, 0x0000000800000000)
  region size 2048K, 2 young (4096K), 2 survivors (4096K)
 Metaspace       used 12219K, committed 12544K, reserved 1114112K
  class space    used 1543K, committed 1664K, reserved 1048576K
}
Event: 1.648 GC heap before
{Heap before GC invocations=2 (full 0):
 garbage-first heap   total 258048K, used 47152K [0x0000000704400000, 0x0000000800000000)
  region size 2048K, 22 young (45056K), 2 survivors (4096K)
 Metaspace       used 21215K, committed 21504K, reserved 1114112K
  class space    used 2684K, committed 2816K, reserved 1048576K
}
Event: 1.652 GC heap after
{Heap after GC invocations=3 (full 0):
 garbage-first heap   total 258048K, used 12904K [0x0000000704400000, 0x0000000800000000)
  region size 2048K, 3 young (6144K), 3 survivors (6144K)
 Metaspace       used 21215K, committed 21504K, reserved 1114112K
  class space    used 2684K, committed 2816K, reserved 1048576K
}
Event: 2.171 GC heap before
{Heap before GC invocations=4 (full 0):
 garbage-first heap   total 49152K, used 47720K [0x0000000704400000, 0x0000000800000000)
  region size 2048K, 20 young (40960K), 3 survivors (6144K)
 Metaspace       used 25636K, committed 26048K, reserved 1114112K
  class space    used 3234K, committed 3392K, reserved 1048576K
}
Event: 2.178 GC heap after
{Heap after GC invocations=5 (full 0):
 garbage-first heap   total 59392K, used 17070K [0x0000000704400000, 0x0000000800000000)
  region size 2048K, 5 young (10240K), 5 survivors (10240K)
 Metaspace       used 25636K, committed 26048K, reserved 1114112K
  class space    used 3234K, committed 3392K, reserved 1048576K
}
Event: 2.665 GC heap before
{Heap before GC invocations=5 (full 0):
 garbage-first heap   total 59392K, used 41646K [0x0000000704400000, 0x0000000800000000)
  region size 2048K, 17 young (34816K), 5 survivors (10240K)
 Metaspace       used 27765K, committed 28224K, reserved 1114112K
  class space    used 3503K, committed 3712K, reserved 1048576K
}
Event: 2.670 GC heap after
{Heap after GC invocations=6 (full 0):
 garbage-first heap   total 59392K, used 18184K [0x0000000704400000, 0x0000000800000000)
  region size 2048K, 2 young (4096K), 2 survivors (4096K)
 Metaspace       used 27765K, committed 28224K, reserved 1114112K
  class space    used 3503K, committed 3712K, reserved 1048576K
}
Event: 3.178 GC heap before
{Heap before GC invocations=6 (full 0):
 garbage-first heap   total 59392K, used 42760K [0x0000000704400000, 0x0000000800000000)
  region size 2048K, 14 young (28672K), 2 survivors (4096K)
 Metaspace       used 30102K, committed 30528K, reserved 1114112K
  class space    used 3818K, committed 4032K, reserved 1048576K
}
Event: 3.180 GC heap after
{Heap after GC invocations=7 (full 0):
 garbage-first heap   total 59392K, used 19107K [0x0000000704400000, 0x0000000800000000)
  region size 2048K, 2 young (4096K), 2 survivors (4096K)
 Metaspace       used 30102K, committed 30528K, reserved 1114112K
  class space    used 3818K, committed 4032K, reserved 1048576K
}
Event: 3.781 GC heap before
{Heap before GC invocations=7 (full 0):
 garbage-first heap   total 59392K, used 45731K [0x0000000704400000, 0x0000000800000000)
  region size 2048K, 15 young (30720K), 2 survivors (4096K)
 Metaspace       used 35565K, committed 35968K, reserved 1114112K
  class space    used 4507K, committed 4672K, reserved 1048576K
}
Event: 3.785 GC heap after
{Heap after GC invocations=8 (full 0):
 garbage-first heap   total 59392K, used 21672K [0x0000000704400000, 0x0000000800000000)
  region size 2048K, 2 young (4096K), 2 survivors (4096K)
 Metaspace       used 35565K, committed 35968K, reserved 1114112K
  class space    used 4507K, committed 4672K, reserved 1048576K
}
Event: 3.815 GC heap before
{Heap before GC invocations=8 (full 0):
 garbage-first heap   total 59392K, used 21672K [0x0000000704400000, 0x0000000800000000)
  region size 2048K, 3 young (6144K), 2 survivors (4096K)
 Metaspace       used 35744K, committed 36160K, reserved 1114112K
  class space    used 4537K, committed 4736K, reserved 1048576K
}
Event: 3.818 GC heap after
{Heap after GC invocations=9 (full 0):
 garbage-first heap   total 59392K, used 21969K [0x0000000704400000, 0x0000000800000000)
  region size 2048K, 1 young (2048K), 1 survivors (2048K)
 Metaspace       used 35744K, committed 36160K, reserved 1114112K
  class space    used 4537K, committed 4736K, reserved 1048576K
}
Event: 4.300 GC heap before
{Heap before GC invocations=10 (full 0):
 garbage-first heap   total 59392K, used 46545K [0x0000000704400000, 0x0000000800000000)
  region size 2048K, 14 young (28672K), 1 survivors (2048K)
 Metaspace       used 39064K, committed 39680K, reserved 1114112K
  class space    used 4961K, committed 5248K, reserved 1048576K
}
Event: 4.303 GC heap after
{Heap after GC invocations=11 (full 0):
 garbage-first heap   total 159744K, used 23588K [0x0000000704400000, 0x0000000800000000)
  region size 2048K, 2 young (4096K), 2 survivors (4096K)
 Metaspace       used 39064K, committed 39680K, reserved 1114112K
  class space    used 4961K, committed 5248K, reserved 1048576K
}

