# JRE version: OpenJDK Runtime Environment Microsoft-11369940 (21.0.7+6) (build 21.0.7+6-LTS)
# Java VM: OpenJDK 64-Bit Server VM Microsoft-11369940 (21.0.7+6-LTS, mixed mode, sharing, tiered, compressed oops, compressed class ptrs, g1 gc, windows-amd64)
GC Precious Log:
 CardTable entry size: 512
 Card Set container configuration: InlinePtr #cards 4 size 8 Array Of Cards #cards 16 size 48 Howl #buckets 8 coarsen threshold 3686 Howl Bitmap #cards 512 size 80 coarsen threshold 460 Card regions per heap region 1 cards per card region 4096
 CPUs: 8 total, 8 available
 Memory: 16108M
 Large Page Support: Disabled
 NUMA Support: Disabled
 Compressed Oops: Enabled (Zero based)
 Heap Region Size: 2M
 Heap Min Capacity: 8M
 Heap Initial Capacity: 252M
 Heap Max Capacity: 4028M
 Pre-touch: Disabled
 Parallel Workers: 8
 Concurrent Workers: 2
 Concurrent Refinement Workers: 8
 Periodic GC: Disabled
Heap:
 garbage-first heap   total 153600K, used 91866K [0x0000000704400000, 0x0000000800000000)
  region size 2048K, 37 young (75776K), 2 survivors (4096K)
 Metaspace       used 49583K, committed 50112K, reserved 1114112K
  class space    used 6416K, committed 6656K, reserved 1048576K
GC Heap History (20 events):
Event: 0.439 GC heap before
{Heap before GC invocations=0 (full 0):
 garbage-first heap   total 258048K, used 22528K [0x0000000704400000, 0x0000000800000000)
  region size 2048K, 11 young (22528K), 0 survivors (0K)
 Metaspace       used 4900K, committed 5056K, reserved 1114112K
  class space    used 535K, committed 576K, reserved 1048576K
}
Event: 0.443 GC heap after
{Heap after GC invocations=1 (full 0):
 garbage-first heap   total 258048K, used 7176K [0x0000000704400000, 0x0000000800000000)
  region size 2048K, 2 young (4096K), 2 survivors (4096K)
 Metaspace       used 4900K, committed 5056K, reserved 1114112K
  class space    used 535K, committed 576K, reserved 1048576K
}
Event: 0.934 GC heap before
{Heap before GC invocations=1 (full 0):
 garbage-first heap   total 258048K, used 29704K [0x0000000704400000, 0x0000000800000000)
  region size 2048K, 14 young (28672K), 2 survivors (4096K)
 Metaspace       used 12221K, committed 12544K, reserved 1114112K
  class space    used 1545K, committed 1664K, reserved 1048576K
}
Event: 0.938 GC heap after
{Heap after GC invocations=2 (full 0):
 garbage-first heap   total 258048K, used 10277K [0x0000000704400000, 0x0000000800000000)
  region size 2048K, 2 young (4096K), 2 survivors (4096K)
 Metaspace       used 12221K, committed 12544K, reserved 1114112K
  class space    used 1545K, committed 1664K, reserved 1048576K
}
Event: 1.422 GC heap before
{Heap before GC invocations=2 (full 0):
 garbage-first heap   total 258048K, used 49189K [0x0000000704400000, 0x0000000800000000)
  region size 2048K, 23 young (47104K), 2 survivors (4096K)
 Metaspace       used 21227K, committed 21504K, reserved 1114112K
  class space    used 2673K, committed 2816K, reserved 1048576K
}
Event: 1.426 GC heap after
{Heap after GC invocations=3 (full 0):
 garbage-first heap   total 258048K, used 13083K [0x0000000704400000, 0x0000000800000000)
  region size 2048K, 3 young (6144K), 3 survivors (6144K)
 Metaspace       used 21227K, committed 21504K, reserved 1114112K
  class space    used 2673K, committed 2816K, reserved 1048576K
}
Event: 1.749 GC heap before
{Heap before GC invocations=4 (full 0):
 garbage-first heap   total 49152K, used 35611K [0x0000000704400000, 0x0000000800000000)
  region size 2048K, 14 young (28672K), 3 survivors (6144K)
 Metaspace       used 24557K, committed 24960K, reserved 1114112K
  class space    used 3113K, committed 3264K, reserved 1048576K
}
Event: 1.754 GC heap after
{Heap after GC invocations=5 (full 0):
 garbage-first heap   total 49152K, used 16481K [0x0000000704400000, 0x0000000800000000)
  region size 2048K, 2 young (4096K), 2 survivors (4096K)
 Metaspace       used 24557K, committed 24960K, reserved 1114112K
  class space    used 3113K, committed 3264K, reserved 1048576K
}
Event: 2.043 GC heap before
{Heap before GC invocations=5 (full 0):
 garbage-first heap   total 49152K, used 34913K [0x0000000704400000, 0x0000000800000000)
  region size 2048K, 11 young (22528K), 2 survivors (4096K)
 Metaspace       used 25951K, committed 26368K, reserved 1114112K
  class space    used 3275K, committed 3456K, reserved 1048576K
}
Event: 2.047 GC heap after
{Heap after GC invocations=6 (full 0):
 garbage-first heap   total 49152K, used 18075K [0x0000000704400000, 0x0000000800000000)
  region size 2048K, 1 young (2048K), 1 survivors (2048K)
 Metaspace       used 25951K, committed 26368K, reserved 1114112K
  class space    used 3275K, committed 3456K, reserved 1048576K
}
Event: 2.321 GC heap before
{Heap before GC invocations=6 (full 0):
 garbage-first heap   total 49152K, used 36507K [0x0000000704400000, 0x0000000800000000)
  region size 2048K, 10 young (20480K), 1 survivors (2048K)
 Metaspace       used 28256K, committed 28736K, reserved 1114112K
  class space    used 3567K, committed 3776K, reserved 1048576K
}
Event: 2.323 GC heap after
{Heap after GC invocations=7 (full 0):
 garbage-first heap   total 49152K, used 19214K [0x0000000704400000, 0x0000000800000000)
  region size 2048K, 2 young (4096K), 2 survivors (4096K)
 Metaspace       used 28256K, committed 28736K, reserved 1114112K
  class space    used 3567K, committed 3776K, reserved 1048576K
}
Event: 2.675 GC heap before
{Heap before GC invocations=7 (full 0):
 garbage-first heap   total 49152K, used 37646K [0x0000000704400000, 0x0000000800000000)
  region size 2048K, 11 young (22528K), 2 survivors (4096K)
 Metaspace       used 29909K, committed 30336K, reserved 1114112K
  class space    used 3789K, committed 3968K, reserved 1048576K
}
Event: 2.677 GC heap after
{Heap after GC invocations=8 (full 0):
 garbage-first heap   total 49152K, used 20360K [0x0000000704400000, 0x0000000800000000)
  region size 2048K, 2 young (4096K), 2 survivors (4096K)
 Metaspace       used 29909K, committed 30336K, reserved 1114112K
  class space    used 3789K, committed 3968K, reserved 1048576K
}
Event: 3.054 GC heap before
{Heap before GC invocations=8 (full 0):
 garbage-first heap   total 49152K, used 38792K [0x0000000704400000, 0x0000000800000000)
  region size 2048K, 11 young (22528K), 2 survivors (4096K)
 Metaspace       used 32664K, committed 33152K, reserved 1114112K
  class space    used 4175K, committed 4352K, reserved 1048576K
}
Event: 3.058 GC heap after
{Heap after GC invocations=9 (full 0):
 garbage-first heap   total 49152K, used 22037K [0x0000000704400000, 0x0000000800000000)
  region size 2048K, 2 young (4096K), 2 survivors (4096K)
 Metaspace       used 32664K, committed 33152K, reserved 1114112K
  class space    used 4175K, committed 4352K, reserved 1048576K
}
Event: 3.339 GC heap before
{Heap before GC invocations=9 (full 0):
 garbage-first heap   total 49152K, used 32277K [0x0000000704400000, 0x0000000800000000)
  region size 2048K, 8 young (16384K), 2 survivors (4096K)
 Metaspace       used 35642K, committed 36096K, reserved 1114112K
  class space    used 4519K, committed 4736K, reserved 1048576K
}
Event: 3.341 GC heap after
{Heap after GC invocations=10 (full 0):
 garbage-first heap   total 49152K, used 22828K [0x0000000704400000, 0x0000000800000000)
  region size 2048K, 2 young (4096K), 2 survivors (4096K)
 Metaspace       used 35642K, committed 36096K, reserved 1114112K
  class space    used 4519K, committed 4736K, reserved 1048576K
}
Event: 3.631 GC heap before
{Heap before GC invocations=11 (full 0):
 garbage-first heap   total 49152K, used 39212K [0x0000000704400000, 0x0000000800000000)
  region size 2048K, 10 young (20480K), 2 survivors (4096K)
 Metaspace       used 37224K, committed 37696K, reserved 1114112K
  class space    used 4780K, committed 4992K, reserved 1048576K
}
Event: 3.634 GC heap after
{Heap after GC invocations=12 (full 0):
 garbage-first heap   total 153600K, used 24282K [0x0000000704400000, 0x0000000800000000)
  region size 2048K, 2 young (4096K), 2 survivors (4096K)
 Metaspace       used 37224K, committed 37696K, reserved 1114112K
  class space    used 4780K, committed 4992K, reserved 1048576K
}

