# JRE version: OpenJDK Runtime Environment Microsoft-11369940 (21.0.7+6) (build 21.0.7+6-LTS)
# Java VM: OpenJDK 64-Bit Server VM Microsoft-11369940 (21.0.7+6-LTS, mixed mode, sharing, tiered, compressed oops, compressed class ptrs, g1 gc, windows-amd64)
GC Precious Log:
 CardTable entry size: 512
 Card Set container configuration: InlinePtr #cards 4 size 8 Array Of Cards #cards 16 size 48 Howl #buckets 8 coarsen threshold 3686 Howl Bitmap #cards 512 size 80 coarsen threshold 460 Card regions per heap region 1 cards per card region 4096
 CPUs: 8 total, 8 available
 Memory: 16108M
 Large Page Support: Disabled
 NUMA Support: Disabled
 Compressed Oops: Enabled (Zero based)
 Heap Region Size: 2M
 Heap Min Capacity: 8M
 Heap Initial Capacity: 252M
 Heap Max Capacity: 4028M
 Pre-touch: Disabled
 Parallel Workers: 8
 Concurrent Workers: 2
 Concurrent Refinement Workers: 8
 Periodic GC: Disabled
Heap:
 garbage-first heap   total 59392K, used 38390K [0x0000000704400000, 0x0000000800000000)
  region size 2048K, 9 young (18432K), 2 survivors (4096K)
 Metaspace       used 49637K, committed 50240K, reserved 1114112K
  class space    used 6424K, committed 6720K, reserved 1048576K
GC Heap History (20 events):
Event: 0.986 GC heap before
{Heap before GC invocations=1 (full 0):
 garbage-first heap   total 258048K, used 31645K [0x0000000704400000, 0x0000000800000000)
  region size 2048K, 14 young (28672K), 2 survivors (4096K)
 Metaspace       used 12263K, committed 12544K, reserved 1114112K
  class space    used 1554K, committed 1664K, reserved 1048576K
}
Event: 0.990 GC heap after
{Heap after GC invocations=2 (full 0):
 garbage-first heap   total 258048K, used 10213K [0x0000000704400000, 0x0000000800000000)
  region size 2048K, 2 young (4096K), 2 survivors (4096K)
 Metaspace       used 12263K, committed 12544K, reserved 1114112K
  class space    used 1554K, committed 1664K, reserved 1048576K
}
Event: 1.449 GC heap before
{Heap before GC invocations=2 (full 0):
 garbage-first heap   total 258048K, used 45029K [0x0000000704400000, 0x0000000800000000)
  region size 2048K, 21 young (43008K), 2 survivors (4096K)
 Metaspace       used 21177K, committed 21504K, reserved 1114112K
  class space    used 2683K, committed 2816K, reserved 1048576K
}
Event: 1.453 GC heap after
{Heap after GC invocations=3 (full 0):
 garbage-first heap   total 258048K, used 12755K [0x0000000704400000, 0x0000000800000000)
  region size 2048K, 3 young (6144K), 3 survivors (6144K)
 Metaspace       used 21177K, committed 21504K, reserved 1114112K
  class space    used 2683K, committed 2816K, reserved 1048576K
}
Event: 1.930 GC heap before
{Heap before GC invocations=4 (full 0):
 garbage-first heap   total 49152K, used 47571K [0x0000000704400000, 0x0000000800000000)
  region size 2048K, 20 young (40960K), 3 survivors (6144K)
 Metaspace       used 25644K, committed 26048K, reserved 1114112K
  class space    used 3236K, committed 3392K, reserved 1048576K
}
Event: 1.934 GC heap after
{Heap after GC invocations=5 (full 0):
 garbage-first heap   total 59392K, used 17072K [0x0000000704400000, 0x0000000800000000)
  region size 2048K, 5 young (10240K), 5 survivors (10240K)
 Metaspace       used 25644K, committed 26048K, reserved 1114112K
  class space    used 3236K, committed 3392K, reserved 1048576K
}
Event: 2.227 GC heap before
{Heap before GC invocations=5 (full 0):
 garbage-first heap   total 59392K, used 41648K [0x0000000704400000, 0x0000000800000000)
  region size 2048K, 17 young (34816K), 5 survivors (10240K)
 Metaspace       used 27521K, committed 27904K, reserved 1114112K
  class space    used 3474K, committed 3648K, reserved 1048576K
}
Event: 2.232 GC heap after
{Heap after GC invocations=6 (full 0):
 garbage-first heap   total 59392K, used 18363K [0x0000000704400000, 0x0000000800000000)
  region size 2048K, 2 young (4096K), 2 survivors (4096K)
 Metaspace       used 27521K, committed 27904K, reserved 1114112K
  class space    used 3474K, committed 3648K, reserved 1048576K
}
Event: 2.710 GC heap before
{Heap before GC invocations=6 (full 0):
 garbage-first heap   total 59392K, used 42939K [0x0000000704400000, 0x0000000800000000)
  region size 2048K, 14 young (28672K), 2 survivors (4096K)
 Metaspace       used 29937K, committed 30336K, reserved 1114112K
  class space    used 3796K, committed 3968K, reserved 1048576K
}
Event: 2.711 GC heap after
{Heap after GC invocations=7 (full 0):
 garbage-first heap   total 59392K, used 19007K [0x0000000704400000, 0x0000000800000000)
  region size 2048K, 2 young (4096K), 2 survivors (4096K)
 Metaspace       used 29937K, committed 30336K, reserved 1114112K
  class space    used 3796K, committed 3968K, reserved 1048576K
}
Event: 3.299 GC heap before
{Heap before GC invocations=7 (full 0):
 garbage-first heap   total 59392K, used 45631K [0x0000000704400000, 0x0000000800000000)
  region size 2048K, 15 young (30720K), 2 survivors (4096K)
 Metaspace       used 35289K, committed 35712K, reserved 1114112K
  class space    used 4484K, committed 4672K, reserved 1048576K
}
Event: 3.302 GC heap after
{Heap after GC invocations=8 (full 0):
 garbage-first heap   total 59392K, used 21248K [0x0000000704400000, 0x0000000800000000)
  region size 2048K, 2 young (4096K), 2 survivors (4096K)
 Metaspace       used 35289K, committed 35712K, reserved 1114112K
  class space    used 4484K, committed 4672K, reserved 1048576K
}
Event: 3.368 GC heap before
{Heap before GC invocations=8 (full 0):
 garbage-first heap   total 59392K, used 23296K [0x0000000704400000, 0x0000000800000000)
  region size 2048K, 4 young (8192K), 2 survivors (4096K)
 Metaspace       used 35668K, committed 36096K, reserved 1114112K
  class space    used 4527K, committed 4736K, reserved 1048576K
}
Event: 3.370 GC heap after
{Heap after GC invocations=9 (full 0):
 garbage-first heap   total 59392K, used 21982K [0x0000000704400000, 0x0000000800000000)
  region size 2048K, 1 young (2048K), 1 survivors (2048K)
 Metaspace       used 35668K, committed 36096K, reserved 1114112K
  class space    used 4527K, committed 4736K, reserved 1048576K
}
Event: 3.801 GC heap before
{Heap before GC invocations=10 (full 0):
 garbage-first heap   total 59392K, used 46558K [0x0000000704400000, 0x0000000800000000)
  region size 2048K, 13 young (26624K), 1 survivors (2048K)
 Metaspace       used 38770K, committed 39360K, reserved 1114112K
  class space    used 4938K, committed 5184K, reserved 1048576K
}
Event: 3.803 GC heap after
{Heap after GC invocations=11 (full 0):
 garbage-first heap   total 59392K, used 23518K [0x0000000704400000, 0x0000000800000000)
  region size 2048K, 2 young (4096K), 2 survivors (4096K)
 Metaspace       used 38770K, committed 39360K, reserved 1114112K
  class space    used 4938K, committed 5184K, reserved 1048576K
}
Event: 4.167 GC heap before
{Heap before GC invocations=11 (full 0):
 garbage-first heap   total 59392K, used 48094K [0x0000000704400000, 0x0000000800000000)
  region size 2048K, 14 young (28672K), 2 survivors (4096K)
 Metaspace       used 40604K, committed 41152K, reserved 1114112K
  class space    used 5195K, committed 5440K, reserved 1048576K
}
Event: 4.170 GC heap after
{Heap after GC invocations=12 (full 0):
 garbage-first heap   total 59392K, used 24717K [0x0000000704400000, 0x0000000800000000)
  region size 2048K, 2 young (4096K), 2 survivors (4096K)
 Metaspace       used 40604K, committed 41152K, reserved 1114112K
  class space    used 5195K, committed 5440K, reserved 1048576K
}
Event: 4.706 GC heap before
{Heap before GC invocations=12 (full 0):
 garbage-first heap   total 59392K, used 49293K [0x0000000704400000, 0x0000000800000000)
  region size 2048K, 14 young (28672K), 2 survivors (4096K)
 Metaspace       used 45584K, committed 46208K, reserved 1114112K
  class space    used 5921K, committed 6208K, reserved 1048576K
}
Event: 4.709 GC heap after
{Heap after GC invocations=13 (full 0):
 garbage-first heap   total 59392K, used 26102K [0x0000000704400000, 0x0000000800000000)
  region size 2048K, 2 young (4096K), 2 survivors (4096K)
 Metaspace       used 45584K, committed 46208K, reserved 1114112K
  class space    used 5921K, committed 6208K, reserved 1048576K
}

