# JRE version: OpenJDK Runtime Environment Microsoft-11369940 (21.0.7+6) (build 21.0.7+6-LTS)
# Java VM: OpenJDK 64-Bit Server VM Microsoft-11369940 (21.0.7+6-LTS, mixed mode, sharing, tiered, compressed oops, compressed class ptrs, g1 gc, windows-amd64)
GC Precious Log:
 CardTable entry size: 512
 Card Set container configuration: InlinePtr #cards 4 size 8 Array Of Cards #cards 16 size 48 Howl #buckets 8 coarsen threshold 3686 Howl Bitmap #cards 512 size 80 coarsen threshold 460 Card regions per heap region 1 cards per card region 4096
 CPUs: 8 total, 8 available
 Memory: 16108M
 Large Page Support: Disabled
 NUMA Support: Disabled
 Compressed Oops: Enabled (Zero based)
 Heap Region Size: 2M
 Heap Min Capacity: 8M
 Heap Initial Capacity: 252M
 Heap Max Capacity: 4028M
 Pre-touch: Disabled
 Parallel Workers: 8
 Concurrent Workers: 2
 Concurrent Refinement Workers: 8
 Periodic GC: Disabled
Heap:
 garbage-first heap   total 59392K, used 36458K [0x0000000704400000, 0x0000000800000000)
  region size 2048K, 8 young (16384K), 2 survivors (4096K)
 Metaspace       used 49611K, committed 50304K, reserved 1114112K
  class space    used 6414K, committed 6720K, reserved 1048576K
GC Heap History (20 events):
Event: 1.077 GC heap before
{Heap before GC invocations=1 (full 0):
 garbage-first heap   total 258048K, used 30084K [0x0000000704400000, 0x0000000800000000)
  region size 2048K, 14 young (28672K), 2 survivors (4096K)
 Metaspace       used 12234K, committed 12544K, reserved 1114112K
  class space    used 1545K, committed 1664K, reserved 1048576K
}
Event: 1.081 GC heap after
{Heap after GC invocations=2 (full 0):
 garbage-first heap   total 258048K, used 10425K [0x0000000704400000, 0x0000000800000000)
  region size 2048K, 2 young (4096K), 2 survivors (4096K)
 Metaspace       used 12234K, committed 12544K, reserved 1114112K
  class space    used 1545K, committed 1664K, reserved 1048576K
}
Event: 1.501 GC heap before
{Heap before GC invocations=2 (full 0):
 garbage-first heap   total 258048K, used 43193K [0x0000000704400000, 0x0000000800000000)
  region size 2048K, 20 young (40960K), 2 survivors (4096K)
 Metaspace       used 21174K, committed 21504K, reserved 1114112K
  class space    used 2683K, committed 2816K, reserved 1048576K
}
Event: 1.505 GC heap after
{Heap after GC invocations=3 (full 0):
 garbage-first heap   total 258048K, used 12518K [0x0000000704400000, 0x0000000800000000)
  region size 2048K, 3 young (6144K), 3 survivors (6144K)
 Metaspace       used 21174K, committed 21504K, reserved 1114112K
  class space    used 2683K, committed 2816K, reserved 1048576K
}
Event: 2.200 GC heap before
{Heap before GC invocations=4 (full 0):
 garbage-first heap   total 49152K, used 47334K [0x0000000704400000, 0x0000000800000000)
  region size 2048K, 20 young (40960K), 3 survivors (6144K)
 Metaspace       used 25558K, committed 25920K, reserved 1114112K
  class space    used 3221K, committed 3392K, reserved 1048576K
}
Event: 2.205 GC heap after
{Heap after GC invocations=5 (full 0):
 garbage-first heap   total 59392K, used 17065K [0x0000000704400000, 0x0000000800000000)
  region size 2048K, 5 young (10240K), 5 survivors (10240K)
 Metaspace       used 25558K, committed 25920K, reserved 1114112K
  class space    used 3221K, committed 3392K, reserved 1048576K
}
Event: 2.520 GC heap before
{Heap before GC invocations=5 (full 0):
 garbage-first heap   total 59392K, used 41641K [0x0000000704400000, 0x0000000800000000)
  region size 2048K, 17 young (34816K), 5 survivors (10240K)
 Metaspace       used 27172K, committed 27520K, reserved 1114112K
  class space    used 3428K, committed 3584K, reserved 1048576K
}
Event: 2.525 GC heap after
{Heap after GC invocations=6 (full 0):
 garbage-first heap   total 59392K, used 18071K [0x0000000704400000, 0x0000000800000000)
  region size 2048K, 2 young (4096K), 2 survivors (4096K)
 Metaspace       used 27172K, committed 27520K, reserved 1114112K
  class space    used 3428K, committed 3584K, reserved 1048576K
}
Event: 3.004 GC heap before
{Heap before GC invocations=6 (full 0):
 garbage-first heap   total 59392K, used 42647K [0x0000000704400000, 0x0000000800000000)
  region size 2048K, 14 young (28672K), 2 survivors (4096K)
 Metaspace       used 29861K, committed 30272K, reserved 1114112K
  class space    used 3777K, committed 3968K, reserved 1048576K
}
Event: 3.006 GC heap after
{Heap after GC invocations=7 (full 0):
 garbage-first heap   total 59392K, used 19206K [0x0000000704400000, 0x0000000800000000)
  region size 2048K, 2 young (4096K), 2 survivors (4096K)
 Metaspace       used 29861K, committed 30272K, reserved 1114112K
  class space    used 3777K, committed 3968K, reserved 1048576K
}
Event: 3.563 GC heap before
{Heap before GC invocations=7 (full 0):
 garbage-first heap   total 59392K, used 43782K [0x0000000704400000, 0x0000000800000000)
  region size 2048K, 15 young (30720K), 2 survivors (4096K)
 Metaspace       used 34763K, committed 35264K, reserved 1114112K
  class space    used 4427K, committed 4672K, reserved 1048576K
}
Event: 3.566 GC heap after
{Heap after GC invocations=8 (full 0):
 garbage-first heap   total 59392K, used 21645K [0x0000000704400000, 0x0000000800000000)
  region size 2048K, 2 young (4096K), 2 survivors (4096K)
 Metaspace       used 34763K, committed 35264K, reserved 1114112K
  class space    used 4427K, committed 4672K, reserved 1048576K
}
Event: 3.671 GC heap before
{Heap before GC invocations=8 (full 0):
 garbage-first heap   total 59392K, used 23693K [0x0000000704400000, 0x0000000800000000)
  region size 2048K, 4 young (8192K), 2 survivors (4096K)
 Metaspace       used 35686K, committed 36096K, reserved 1114112K
  class space    used 4524K, committed 4736K, reserved 1048576K
}
Event: 3.674 GC heap after
{Heap after GC invocations=9 (full 0):
 garbage-first heap   total 59392K, used 22023K [0x0000000704400000, 0x0000000800000000)
  region size 2048K, 1 young (2048K), 1 survivors (2048K)
 Metaspace       used 35686K, committed 36096K, reserved 1114112K
  class space    used 4524K, committed 4736K, reserved 1048576K
}
Event: 4.123 GC heap before
{Heap before GC invocations=10 (full 0):
 garbage-first heap   total 59392K, used 46599K [0x0000000704400000, 0x0000000800000000)
  region size 2048K, 13 young (26624K), 1 survivors (2048K)
 Metaspace       used 38738K, committed 39296K, reserved 1114112K
  class space    used 4928K, committed 5184K, reserved 1048576K
}
Event: 4.126 GC heap after
{Heap after GC invocations=11 (full 0):
 garbage-first heap   total 59392K, used 23700K [0x0000000704400000, 0x0000000800000000)
  region size 2048K, 2 young (4096K), 2 survivors (4096K)
 Metaspace       used 38738K, committed 39296K, reserved 1114112K
  class space    used 4928K, committed 5184K, reserved 1048576K
}
Event: 4.526 GC heap before
{Heap before GC invocations=11 (full 0):
 garbage-first heap   total 59392K, used 48276K [0x0000000704400000, 0x0000000800000000)
  region size 2048K, 14 young (28672K), 2 survivors (4096K)
 Metaspace       used 40578K, committed 41152K, reserved 1114112K
  class space    used 5184K, committed 5440K, reserved 1048576K
}
Event: 4.530 GC heap after
{Heap after GC invocations=12 (full 0):
 garbage-first heap   total 59392K, used 24558K [0x0000000704400000, 0x0000000800000000)
  region size 2048K, 2 young (4096K), 2 survivors (4096K)
 Metaspace       used 40578K, committed 41152K, reserved 1114112K
  class space    used 5184K, committed 5440K, reserved 1048576K
}
Event: 4.980 GC heap before
{Heap before GC invocations=12 (full 0):
 garbage-first heap   total 59392K, used 49134K [0x0000000704400000, 0x0000000800000000)
  region size 2048K, 14 young (28672K), 2 survivors (4096K)
 Metaspace       used 45653K, committed 46272K, reserved 1114112K
  class space    used 5930K, committed 6208K, reserved 1048576K
}
Event: 4.983 GC heap after
{Heap after GC invocations=13 (full 0):
 garbage-first heap   total 59392K, used 26218K [0x0000000704400000, 0x0000000800000000)
  region size 2048K, 2 young (4096K), 2 survivors (4096K)
 Metaspace       used 45653K, committed 46272K, reserved 1114112K
  class space    used 5930K, committed 6208K, reserved 1048576K
}

